High Performance MPEG 1.0/2.0/2.5 Audio Player for Layer 1, 2, and 3.
Version 0.3.2-1 (2012/03/25). Written and copyrights by Joe Drew,
now maintained by Nanakos Chrysostomos and others.
Uses code from various people. See 'README' for more!
THIS SOFTWARE COMES WITH ABSOLUTELY NO WARRANTY! USE AT YOUR OWN RISK!
tcgetattr(): Inappropriate ioctl for device

Directory: /home/pi/raspberry_parking/sounds
Playing MPEG stream from welcome.mp3 ...
MPEG 2.0 layer III, 32 kbit/s, 24000 Hz mono
                                                                            
[0:03] Decoding of welcome.mp3 finished.
High Performance MPEG 1.0/2.0/2.5 Audio Player for Layer 1, 2, and 3.
Version 0.3.2-1 (2012/03/25). Written and copyrights by Joe Drew,
now maintained by Nanakos Chrysostomos and others.
Uses code from various people. See 'README' for more!
THIS SOFTWARE COMES WITH ABSOLUTELY NO WARRANTY! USE AT YOUR OWN RISK!
tcgetattr(): Inappropriate ioctl for device

Directory: /home/pi/raspberry_parking/sounds
Playing MPEG stream from welcome.mp3 ...
MPEG 2.0 layer III, 32 kbit/s, 24000 Hz mono
                                                                            
[0:03] Decoding of welcome.mp3 finished.
High Performance MPEG 1.0/2.0/2.5 Audio Player for Layer 1, 2, and 3.
Version 0.3.2-1 (2012/03/25). Written and copyrights by Joe Drew,
now maintained by Nanakos Chrysostomos and others.
Uses code from various people. See 'README' for more!
THIS SOFTWARE COMES WITH ABSOLUTELY NO WARRANTY! USE AT YOUR OWN RISK!
tcgetattr(): Inappropriate ioctl for device

Directory: /home/pi/raspberry_parking/sounds
Playing MPEG stream from welcome.mp3 ...
MPEG 2.0 layer III, 32 kbit/s, 24000 Hz mono
                                                                            
[0:03] Decoding of welcome.mp3 finished.
High Performance MPEG 1.0/2.0/2.5 Audio Player for Layer 1, 2, and 3.
Version 0.3.2-1 (2012/03/25). Written and copyrights by Joe Drew,
now maintained by Nanakos Chrysostomos and others.
Uses code from various people. See 'README' for more!
THIS SOFTWARE COMES WITH ABSOLUTELY NO WARRANTY! USE AT YOUR OWN RISK!
tcgetattr(): Inappropriate ioctl for device

Directory: /home/pi/raspberry_parking/sounds
Playing MPEG stream from welcome.mp3 ...
MPEG 2.0 layer III, 32 kbit/s, 24000 Hz mono
                                                                            
[0:03] Decoding of welcome.mp3 finished.
